[0.094s] Invoking command in '/home/srinjoy/slam_ws/build/slam_bot': CMAKE_PREFIX_PATH=${CMAKE_PREFIX_PATH}:/home/srinjoy/hb_task2_ws/install/hb_task2b:/home/srinjoy/hb_task2_ws/install/hb_task2a:/home/srinjoy/ws_moveit/install/moveit_configs_utils:/opt/ros/humble /home/srinjoy/.local/bin/cmake /home/srinjoy/slam_ws/src/slam_bot -DAMENT_CMAKE_SYMLINK_INSTALL=1 -DCMAKE_INSTALL_PREFIX=/home/srinjoy/slam_ws/install/slam_bot
[0.259s] -- The C compiler identification is GNU 11.4.0
[0.372s] -- The CXX compiler identification is GNU 11.4.0
[0.409s] -- Detecting C compiler ABI info
[0.515s] -- Detecting C compiler ABI info - done
[0.526s] -- Check for working C compiler: /usr/bin/cc - skipped
[0.526s] -- Detecting C compile features
[0.527s] -- Detecting C compile features - done
[0.542s] -- Detecting CXX compiler ABI info
[0.648s] -- Detecting CXX compiler ABI info - done
[0.659s] -- Check for working CXX compiler: /usr/bin/c++ - skipped
[0.659s] -- Detecting CXX compile features
[0.660s] -- Detecting CXX compile features - done
[0.671s] -- Found ament_cmake: 1.3.6 (/opt/ros/humble/share/ament_cmake/cmake)
[1.235s] -- Found Python3: /usr/bin/python3.10 (found version "3.10.12") found components: Interpreter 
[1.298s] -- Override CMake install command with custom implementation using symlinks instead of copying resources
[1.405s] -- Found ament_lint_auto: 0.12.9 (/opt/ros/humble/share/ament_lint_auto/cmake)
[1.521s] -- Added test 'lint_cmake' to check CMake code style
[1.523s] -- Added test 'xmllint' to check XML markup files
[1.527s] -- Configuring done (1.4s)
[1.531s] -- Generating done (0.0s)
[1.532s] -- Build files have been written to: /home/srinjoy/slam_ws/build/slam_bot
[1.541s] Invoked command in '/home/srinjoy/slam_ws/build/slam_bot' returned '0': CMAKE_PREFIX_PATH=${CMAKE_PREFIX_PATH}:/home/srinjoy/hb_task2_ws/install/hb_task2b:/home/srinjoy/hb_task2_ws/install/hb_task2a:/home/srinjoy/ws_moveit/install/moveit_configs_utils:/opt/ros/humble /home/srinjoy/.local/bin/cmake /home/srinjoy/slam_ws/src/slam_bot -DAMENT_CMAKE_SYMLINK_INSTALL=1 -DCMAKE_INSTALL_PREFIX=/home/srinjoy/slam_ws/install/slam_bot
[1.544s] Invoking command in '/home/srinjoy/slam_ws/build/slam_bot': CMAKE_PREFIX_PATH=${CMAKE_PREFIX_PATH}:/home/srinjoy/hb_task2_ws/install/hb_task2b:/home/srinjoy/hb_task2_ws/install/hb_task2a:/home/srinjoy/ws_moveit/install/moveit_configs_utils:/opt/ros/humble /home/srinjoy/.local/bin/cmake --build /home/srinjoy/slam_ws/build/slam_bot -- -j12 -l12
[1.597s] Invoked command in '/home/srinjoy/slam_ws/build/slam_bot' returned '0': CMAKE_PREFIX_PATH=${CMAKE_PREFIX_PATH}:/home/srinjoy/hb_task2_ws/install/hb_task2b:/home/srinjoy/hb_task2_ws/install/hb_task2a:/home/srinjoy/ws_moveit/install/moveit_configs_utils:/opt/ros/humble /home/srinjoy/.local/bin/cmake --build /home/srinjoy/slam_ws/build/slam_bot -- -j12 -l12
[1.693s] Invoking command in '/home/srinjoy/slam_ws/build/slam_bot': CMAKE_PREFIX_PATH=${CMAKE_PREFIX_PATH}:/home/srinjoy/hb_task2_ws/install/hb_task2b:/home/srinjoy/hb_task2_ws/install/hb_task2a:/home/srinjoy/ws_moveit/install/moveit_configs_utils:/opt/ros/humble /home/srinjoy/.local/bin/cmake --install /home/srinjoy/slam_ws/build/slam_bot
[1.720s] -- Install configuration: ""
[1.720s] -- Execute custom install script
[1.721s] -- Symlinking: /home/srinjoy/slam_ws/install/slam_bot/share/ament_index/resource_index/package_run_dependencies/slam_bot
[1.729s] -- Symlinking: /home/srinjoy/slam_ws/install/slam_bot/share/ament_index/resource_index/parent_prefix_path/slam_bot
[1.737s] -- Symlinking: /home/srinjoy/slam_ws/install/slam_bot/share/slam_bot/environment/ament_prefix_path.sh
[1.743s] -- Symlinking: /home/srinjoy/slam_ws/install/slam_bot/share/slam_bot/environment/ament_prefix_path.dsv
[1.748s] -- Symlinking: /home/srinjoy/slam_ws/install/slam_bot/share/slam_bot/environment/path.sh
[1.754s] -- Symlinking: /home/srinjoy/slam_ws/install/slam_bot/share/slam_bot/environment/path.dsv
[1.759s] -- Symlinking: /home/srinjoy/slam_ws/install/slam_bot/share/slam_bot/local_setup.bash
[1.764s] -- Symlinking: /home/srinjoy/slam_ws/install/slam_bot/share/slam_bot/local_setup.sh
[1.769s] -- Symlinking: /home/srinjoy/slam_ws/install/slam_bot/share/slam_bot/local_setup.zsh
[1.774s] -- Symlinking: /home/srinjoy/slam_ws/install/slam_bot/share/slam_bot/local_setup.dsv
[1.779s] -- Symlinking: /home/srinjoy/slam_ws/install/slam_bot/share/slam_bot/package.dsv
[1.784s] -- Symlinking: /home/srinjoy/slam_ws/install/slam_bot/share/ament_index/resource_index/packages/slam_bot
[1.789s] -- Symlinking: /home/srinjoy/slam_ws/install/slam_bot/share/slam_bot/cmake/slam_botConfig.cmake
[1.796s] -- Symlinking: /home/srinjoy/slam_ws/install/slam_bot/share/slam_bot/cmake/slam_botConfig-version.cmake
[1.801s] -- Symlinking: /home/srinjoy/slam_ws/install/slam_bot/share/slam_bot/package.xml
[1.813s] Invoked command in '/home/srinjoy/slam_ws/build/slam_bot' returned '0': CMAKE_PREFIX_PATH=${CMAKE_PREFIX_PATH}:/home/srinjoy/hb_task2_ws/install/hb_task2b:/home/srinjoy/hb_task2_ws/install/hb_task2a:/home/srinjoy/ws_moveit/install/moveit_configs_utils:/opt/ros/humble /home/srinjoy/.local/bin/cmake --install /home/srinjoy/slam_ws/build/slam_bot
